object_detection/android/app/build/intermediates/manifest_merge_blame_file/debug/manifest-merger-blame-debug-report.txt
1<?xml version="1.0" encoding="utf-8"?>
2<manifest xmlns:android="http://schemas.android.com/apk/res/android"
3    xmlns:dist="http://schemas.android.com/apk/distribution"
4    package="org.tensorflow.lite.examples.objectdetection"
5    android:versionCode="1"
6    android:versionName="1.0.0" >
7
8    <uses-sdk
9        android:minSdkVersion="21"
9-->src\main\AndroidManifest.xml
10        android:targetSdkVersion="32" />
10-->src\main\AndroidManifest.xml
11
12    <!-- Enable instant app support -->
13    <dist:module dist:instant="true" /> <!-- Declare features -->
13-->src\main\AndroidManifest.xml:8:5-40
13-->src\main\AndroidManifest.xml:8:18-37
14    <uses-permission android:name="android.permission.INTERNET" />
14-->src\main\AndroidManifest.xml:9:5-67
14-->src\main\AndroidManifest.xml:9:22-64
15    <uses-permission android:name="android.permission.ACCESS_NETWORK_STATE" />
15-->src\main\AndroidManifest.xml:10:5-79
15-->src\main\AndroidManifest.xml:10:22-76
16    <uses-permission android:name="android.permission.READ_EXTERNAL_STORAGE" />
16-->src\main\AndroidManifest.xml:11:5-80
16-->src\main\AndroidManifest.xml:11:22-77
17    <uses-permission android:name="android.permission.WRITE_EXTERNAL_STORAGE" />
17-->src\main\AndroidManifest.xml:12:5-81
17-->src\main\AndroidManifest.xml:12:22-78
18    <!-- // please uncomment this line to run object detection tq -->
19    <!-- <uses-permission android:name="android.permission.CAMERA" /> -->
20    <uses-feature
20-->src\main\AndroidManifest.xml:15:5-84
21        android:name="android.hardware.camera"
21-->src\main\AndroidManifest.xml:15:19-57
22        android:required="true" /> <!-- Declare permissions -->
22-->src\main\AndroidManifest.xml:15:58-81
23    <uses-feature android:name="android.hardware.camera.autofocus" />
23-->src\main\AndroidManifest.xml:16:5-70
23-->src\main\AndroidManifest.xml:16:19-67
24
25    <uses-permission android:name="android.permission.READ_PHONE_STATE" />
26
27    <application
27-->src\main\AndroidManifest.xml:18:5-164:19
28        android:allowBackup="true"
28-->src\main\AndroidManifest.xml:19:9-35
29        android:appComponentFactory="androidx.core.app.CoreComponentFactory"
29-->[androidx.core:core:1.6.0] AndroidManifest.xml:24:18-86
30        android:debuggable="true"
31        android:icon="@mipmap/ic_launcher"
31-->src\main\AndroidManifest.xml:20:9-43
32        android:label="@string/app_name"
32-->src\main\AndroidManifest.xml:21:9-41
33        android:largeHeap="true"
33-->src\main\AndroidManifest.xml:25:9-33
34        android:roundIcon="@mipmap/ic_launcher_round"
34-->src\main\AndroidManifest.xml:22:9-54
35        android:taskAffinity=""
35-->src\main\AndroidManifest.xml:23:9-32
36        android:testOnly="true"
37        android:usesCleartextTraffic="true" >
37-->src\main\AndroidManifest.xml:26:9-46
38        <provider
38-->src\main\AndroidManifest.xml:28:9-36:20
39            android:name="androidx.core.content.FileProvider"
39-->src\main\AndroidManifest.xml:29:13-62
40            android:authorities="org.tensorflow.lite.examples.fileprovider"
40-->src\main\AndroidManifest.xml:30:13-76
41            android:exported="false"
41-->src\main\AndroidManifest.xml:31:13-37
42            android:grantUriPermissions="true" >
42-->src\main\AndroidManifest.xml:32:13-47
43            <meta-data
43-->src\main\AndroidManifest.xml:33:13-35:64
44                android:name="android.support.FILE_PROVIDER_PATHS"
44-->src\main\AndroidManifest.xml:34:17-67
45                android:resource="@xml/file_paths" />
45-->src\main\AndroidManifest.xml:35:17-51
46        </provider>
47
48        <activity
48-->src\main\AndroidManifest.xml:38:9-47:20
49            android:name="org.tensorflow.lite.examples.objectdetection.WelcomeActivity"
49-->src\main\AndroidManifest.xml:39:13-44
50            android:exported="true"
50-->src\main\AndroidManifest.xml:40:13-36
51            android:theme="@style/Theme.AppCompat.NoActionBar" >
51-->src\main\AndroidManifest.xml:41:13-63
52            <intent-filter>
52-->src\main\AndroidManifest.xml:42:13-46:29
53                <action android:name="android.intent.action.MAIN" />
53-->src\main\AndroidManifest.xml:43:17-69
53-->src\main\AndroidManifest.xml:43:25-66
54
55                <category android:name="android.intent.category.LAUNCHER" />
55-->src\main\AndroidManifest.xml:45:17-77
55-->src\main\AndroidManifest.xml:45:27-74
56            </intent-filter>
57        </activity>
58        <activity
58-->src\main\AndroidManifest.xml:48:9-57:20
59            android:name="org.tensorflow.lite.examples.objectdetection.NotWellDone"
59-->src\main\AndroidManifest.xml:49:13-40
60            android:exported="true"
60-->src\main\AndroidManifest.xml:50:13-36
61            android:theme="@style/Theme.AppCompat.NoActionBar" >
61-->src\main\AndroidManifest.xml:51:13-63
62            <intent-filter>
62-->src\main\AndroidManifest.xml:42:13-46:29
63                <action android:name="android.intent.action.MAIN" />
63-->src\main\AndroidManifest.xml:43:17-69
63-->src\main\AndroidManifest.xml:43:25-66
64
65                <category android:name="android.intent.category.LAUNCHER" />
65-->src\main\AndroidManifest.xml:45:17-77
65-->src\main\AndroidManifest.xml:45:27-74
66            </intent-filter>
67        </activity>
68        <activity
68-->src\main\AndroidManifest.xml:59:9-68:20
69            android:name="org.tensorflow.lite.examples.objectdetection.WellDone"
69-->src\main\AndroidManifest.xml:60:13-37
70            android:exported="true"
70-->src\main\AndroidManifest.xml:61:13-36
71            android:theme="@style/Theme.AppCompat.NoActionBar" >
71-->src\main\AndroidManifest.xml:62:13-63
72            <intent-filter>
72-->src\main\AndroidManifest.xml:42:13-46:29
73                <action android:name="android.intent.action.MAIN" />
73-->src\main\AndroidManifest.xml:43:17-69
73-->src\main\AndroidManifest.xml:43:25-66
74
75                <category android:name="android.intent.category.LAUNCHER" />
75-->src\main\AndroidManifest.xml:45:17-77
75-->src\main\AndroidManifest.xml:45:27-74
76            </intent-filter>
77        </activity>
78        <activity
78-->src\main\AndroidManifest.xml:70:9-79:20
79            android:name="org.tensorflow.lite.examples.objectdetection.Registered"
79-->src\main\AndroidManifest.xml:71:13-39
80            android:exported="true"
80-->src\main\AndroidManifest.xml:72:13-36
81            android:theme="@style/Theme.AppCompat.NoActionBar" >
81-->src\main\AndroidManifest.xml:73:13-63
82            <intent-filter>
82-->src\main\AndroidManifest.xml:42:13-46:29
83                <action android:name="android.intent.action.MAIN" />
83-->src\main\AndroidManifest.xml:43:17-69
83-->src\main\AndroidManifest.xml:43:25-66
84
85                <category android:name="android.intent.category.LAUNCHER" />
85-->src\main\AndroidManifest.xml:45:17-77
85-->src\main\AndroidManifest.xml:45:27-74
86            </intent-filter>
87        </activity>
88        <activity
88-->src\main\AndroidManifest.xml:81:9-90:20
89            android:name="org.tensorflow.lite.examples.objectdetection.NotRegistered"
89-->src\main\AndroidManifest.xml:82:13-42
90            android:exported="true"
90-->src\main\AndroidManifest.xml:83:13-36
91            android:theme="@style/Theme.AppCompat.NoActionBar" >
91-->src\main\AndroidManifest.xml:84:13-63
92            <intent-filter>
92-->src\main\AndroidManifest.xml:42:13-46:29
93                <action android:name="android.intent.action.MAIN" />
93-->src\main\AndroidManifest.xml:43:17-69
93-->src\main\AndroidManifest.xml:43:25-66
94
95                <category android:name="android.intent.category.LAUNCHER" />
95-->src\main\AndroidManifest.xml:45:17-77
95-->src\main\AndroidManifest.xml:45:27-74
96            </intent-filter>
97        </activity>
98        <activity
98-->src\main\AndroidManifest.xml:92:9-101:20
99            android:name="org.tensorflow.lite.examples.objectdetection.DisposeEwaste"
99-->src\main\AndroidManifest.xml:93:13-42
100            android:exported="true"
100-->src\main\AndroidManifest.xml:94:13-36
101            android:theme="@style/Theme.AppCompat.NoActionBar" >
101-->src\main\AndroidManifest.xml:95:13-63
102            <intent-filter>
102-->src\main\AndroidManifest.xml:42:13-46:29
103                <action android:name="android.intent.action.MAIN" />
103-->src\main\AndroidManifest.xml:43:17-69
103-->src\main\AndroidManifest.xml:43:25-66
104
105                <category android:name="android.intent.category.LAUNCHER" />
105-->src\main\AndroidManifest.xml:45:17-77
105-->src\main\AndroidManifest.xml:45:27-74
106            </intent-filter>
107        </activity>
108        <activity
108-->src\main\AndroidManifest.xml:103:9-112:20
109            android:name="org.tensorflow.lite.examples.objectdetection.FaceRecognition"
109-->src\main\AndroidManifest.xml:104:13-44
110            android:exported="true"
110-->src\main\AndroidManifest.xml:105:13-36
111            android:theme="@style/Theme.AppCompat.NoActionBar" >
111-->src\main\AndroidManifest.xml:106:13-63
112            <intent-filter>
112-->src\main\AndroidManifest.xml:42:13-46:29
113                <action android:name="android.intent.action.MAIN" />
113-->src\main\AndroidManifest.xml:43:17-69
113-->src\main\AndroidManifest.xml:43:25-66
114
115                <category android:name="android.intent.category.LAUNCHER" />
115-->src\main\AndroidManifest.xml:45:17-77
115-->src\main\AndroidManifest.xml:45:27-74
116            </intent-filter>
117        </activity>
118        <activity
118-->src\main\AndroidManifest.xml:114:9-123:20
119            android:name="org.tensorflow.lite.examples.objectdetection.RemoveMask"
119-->src\main\AndroidManifest.xml:115:13-39
120            android:exported="true"
120-->src\main\AndroidManifest.xml:116:13-36
121            android:theme="@style/Theme.AppCompat.NoActionBar" >
121-->src\main\AndroidManifest.xml:117:13-63
122            <intent-filter>
122-->src\main\AndroidManifest.xml:42:13-46:29
123                <action android:name="android.intent.action.MAIN" />
123-->src\main\AndroidManifest.xml:43:17-69
123-->src\main\AndroidManifest.xml:43:25-66
124
125                <category android:name="android.intent.category.LAUNCHER" />
125-->src\main\AndroidManifest.xml:45:17-77
125-->src\main\AndroidManifest.xml:45:27-74
126            </intent-filter>
127        </activity>
128        <activity
128-->src\main\AndroidManifest.xml:126:9-135:20
129            android:name="org.tensorflow.lite.examples.objectdetection.ObjectFound"
129-->src\main\AndroidManifest.xml:127:13-40
130            android:exported="true"
130-->src\main\AndroidManifest.xml:128:13-36
131            android:theme="@style/Theme.AppCompat.NoActionBar" >
131-->src\main\AndroidManifest.xml:129:13-63
132            <intent-filter>
132-->src\main\AndroidManifest.xml:42:13-46:29
133                <action android:name="android.intent.action.MAIN" />
133-->src\main\AndroidManifest.xml:43:17-69
133-->src\main\AndroidManifest.xml:43:25-66
134
135                <category android:name="android.intent.category.LAUNCHER" />
135-->src\main\AndroidManifest.xml:45:17-77
135-->src\main\AndroidManifest.xml:45:27-74
136            </intent-filter>
137        </activity>
138        <activity
138-->src\main\AndroidManifest.xml:137:9-159:20
139            android:name="org.tensorflow.lite.examples.objectdetection.MainActivity"
139-->src\main\AndroidManifest.xml:138:13-41
140            android:clearTaskOnLaunch="true"
140-->src\main\AndroidManifest.xml:139:13-45
141            android:configChanges="orientation|screenLayout|screenSize|smallestScreenSize"
141-->src\main\AndroidManifest.xml:140:13-91
142            android:exported="true"
142-->src\main\AndroidManifest.xml:141:13-36
143            android:icon="@mipmap/ic_launcher"
143-->src\main\AndroidManifest.xml:142:13-47
144            android:resizeableActivity="true"
144-->src\main\AndroidManifest.xml:143:13-46
145            android:rotationAnimation="seamless"
145-->src\main\AndroidManifest.xml:144:13-49
146            android:theme="@style/AppTheme" >
146-->src\main\AndroidManifest.xml:145:13-44
147
148            <!-- Main app intent filter -->
149            <intent-filter>
149-->src\main\AndroidManifest.xml:42:13-46:29
150                <action android:name="android.intent.action.MAIN" />
150-->src\main\AndroidManifest.xml:43:17-69
150-->src\main\AndroidManifest.xml:43:25-66
151
152                <category android:name="android.intent.category.LAUNCHER" />
152-->src\main\AndroidManifest.xml:45:17-77
152-->src\main\AndroidManifest.xml:45:27-74
153            </intent-filter>
154
155            <!-- Declare notch support -->
156            <meta-data
156-->src\main\AndroidManifest.xml:156:13-158:40
157                android:name="android.notch_support"
157-->src\main\AndroidManifest.xml:157:17-53
158                android:value="true" />
158-->src\main\AndroidManifest.xml:158:17-37
159        </activity>
160
161        <meta-data
161-->src\main\AndroidManifest.xml:161:9-163:57
162            android:name="preloaded_fonts"
162-->src\main\AndroidManifest.xml:162:13-43
163            android:resource="@array/preloaded_fonts" />
163-->src\main\AndroidManifest.xml:163:13-54
164
165        <uses-library
165-->[androidx.window:window:1.0.0-alpha09] AndroidManifest.xml:25:9-27:40
166            android:name="androidx.window.extensions"
166-->[androidx.window:window:1.0.0-alpha09] AndroidManifest.xml:26:13-54
167            android:required="false" />
167-->[androidx.window:window:1.0.0-alpha09] AndroidManifest.xml:27:13-37
168        <uses-library
168-->[androidx.window:window:1.0.0-alpha09] AndroidManifest.xml:28:9-30:40
169            android:name="androidx.window.sidecar"
169-->[androidx.window:window:1.0.0-alpha09] AndroidManifest.xml:29:13-51
170            android:required="false" />
170-->[androidx.window:window:1.0.0-alpha09] AndroidManifest.xml:30:13-37
171
172        <service
172-->[androidx.camera:camera-camera2:1.1.0-beta03] AndroidManifest.xml:26:9-35:19
173            android:name="androidx.camera.core.impl.MetadataHolderService"
173-->[androidx.camera:camera-camera2:1.1.0-beta03] AndroidManifest.xml:27:13-75
174            android:enabled="false"
174-->[androidx.camera:camera-camera2:1.1.0-beta03] AndroidManifest.xml:28:13-36
175            android:exported="false" >
175-->[androidx.camera:camera-camera2:1.1.0-beta03] AndroidManifest.xml:29:13-37
176            <meta-data
176-->[androidx.camera:camera-camera2:1.1.0-beta03] AndroidManifest.xml:32:13-34:89
177                android:name="androidx.camera.core.impl.MetadataHolderService.DEFAULT_CONFIG_PROVIDER"
177-->[androidx.camera:camera-camera2:1.1.0-beta03] AndroidManifest.xml:33:17-103
178                android:value="androidx.camera.camera2.Camera2Config$DefaultProvider" />
178-->[androidx.camera:camera-camera2:1.1.0-beta03] AndroidManifest.xml:34:17-86
179        </service>
180
181        <provider
181-->[androidx.lifecycle:lifecycle-process:2.2.0] AndroidManifest.xml:25:9-29:43
182            android:name="androidx.lifecycle.ProcessLifecycleOwnerInitializer"
182-->[androidx.lifecycle:lifecycle-process:2.2.0] AndroidManifest.xml:26:13-79
183            android:authorities="org.tensorflow.lite.examples.objectdetection.lifecycle-process"
183-->[androidx.lifecycle:lifecycle-process:2.2.0] AndroidManifest.xml:27:13-69
184            android:exported="false"
184-->[androidx.lifecycle:lifecycle-process:2.2.0] AndroidManifest.xml:28:13-37
185            android:multiprocess="true" />
185-->[androidx.lifecycle:lifecycle-process:2.2.0] AndroidManifest.xml:29:13-40
186    </application>
187
188</manifest>